2023-03-12 17:15:19,297 INFO o.a.j.u.JMeterUtils: Setting Locale to en_US
2023-03-12 17:15:19,308 INFO o.a.j.JMeter: Loading user properties from: user.properties
2023-03-12 17:15:19,309 INFO o.a.j.JMeter: Loading system properties from: system.properties
2023-03-12 17:15:19,319 INFO o.a.j.JMeter: Copyright (c) 1998-2022 The Apache Software Foundation
2023-03-12 17:15:19,319 INFO o.a.j.JMeter: Version 5.5
2023-03-12 17:15:19,319 INFO o.a.j.JMeter: java.version=1.8.0_351
2023-03-12 17:15:19,319 INFO o.a.j.JMeter: java.vm.name=Java HotSpot(TM) 64-Bit Server VM
2023-03-12 17:15:19,319 INFO o.a.j.JMeter: os.name=Windows 10
2023-03-12 17:15:19,319 INFO o.a.j.JMeter: os.arch=amd64
2023-03-12 17:15:19,319 INFO o.a.j.JMeter: os.version=10.0
2023-03-12 17:15:19,319 INFO o.a.j.JMeter: file.encoding=Cp1252
2023-03-12 17:15:19,319 INFO o.a.j.JMeter: java.awt.headless=null
2023-03-12 17:15:19,319 INFO o.a.j.JMeter: Max memory     =1881145344
2023-03-12 17:15:19,319 INFO o.a.j.JMeter: Available Processors =8
2023-03-12 17:15:19,323 INFO o.a.j.JMeter: Default Locale=English (United States)
2023-03-12 17:15:19,324 INFO o.a.j.JMeter: JMeter  Locale=English (United States)
2023-03-12 17:15:19,324 INFO o.a.j.JMeter: JMeterHome=C:\Users\Dell\eclipse-workspace\MDI_Perf_Repo
2023-03-12 17:15:19,324 INFO o.a.j.JMeter: user.dir  =C:\Users\Dell\eclipse-workspace\MDI_Perf_Repo\bin
2023-03-12 17:15:19,324 INFO o.a.j.JMeter: PWD       =C:\Users\Dell\eclipse-workspace\MDI_Perf_Repo\bin
2023-03-12 17:15:19,387 INFO o.a.j.JMeter: IP: 172.20.50.44 Name: DESKTOP-MT3KJM2 FullName: 172.20.50.44
2023-03-12 17:15:19,412 INFO o.a.j.JMeter: Loaded icon properties from org/apache/jmeter/images/icon.properties
2023-03-12 17:15:19,548 INFO o.a.j.JMeterGuiLauncher: Setting LAF to: laf:com.sun.java.swing.plaf.windows.WindowsLookAndFeel
2023-03-12 17:15:20,891 WARN o.j.r.PluginManagerMenuCreator: Was unable to install pmgr cmdline tool
java.nio.file.NoSuchFileException: C:\Users\Dell\eclipse-workspace\bin\PluginsManagerCMD.bat
	at sun.nio.fs.WindowsException.translateToIOException(Unknown Source) ~[?:1.8.0_351]
	at sun.nio.fs.WindowsException.rethrowAsIOException(Unknown Source) ~[?:1.8.0_351]
	at sun.nio.fs.WindowsException.rethrowAsIOException(Unknown Source) ~[?:1.8.0_351]
	at sun.nio.fs.WindowsFileSystemProvider.newByteChannel(Unknown Source) ~[?:1.8.0_351]
	at java.nio.file.spi.FileSystemProvider.newOutputStream(Unknown Source) ~[?:1.8.0_351]
	at java.nio.file.Files.newOutputStream(Unknown Source) ~[?:1.8.0_351]
	at java.nio.file.Files.copy(Unknown Source) ~[?:1.8.0_351]
	at org.jmeterplugins.repository.PluginManagerCMDInstaller.writeOut(PluginManagerCMDInstaller.java:24) ~[jmeter-plugins-manager-1.8.jar:?]
	at org.jmeterplugins.repository.PluginManagerCMDInstaller.main(PluginManagerCMDInstaller.java:12) ~[jmeter-plugins-manager-1.8.jar:?]
	at org.jmeterplugins.repository.PluginManagerMenuCreator.getMenuItemsAtLocation(PluginManagerMenuCreator.java:16) ~[jmeter-plugins-manager-1.8.jar:?]
	at org.apache.jmeter.gui.util.JMeterMenuBar.addPluginsMenuItems(JMeterMenuBar.java:595) ~[ApacheJMeter_core.jar:5.5]
	at org.apache.jmeter.gui.util.JMeterMenuBar.makeOptionsMenu(JMeterMenuBar.java:342) ~[ApacheJMeter_core.jar:5.5]
	at org.apache.jmeter.gui.util.JMeterMenuBar.createMenuBar(JMeterMenuBar.java:202) ~[ApacheJMeter_core.jar:5.5]
	at org.apache.jmeter.gui.util.JMeterMenuBar.<init>(JMeterMenuBar.java:117) ~[ApacheJMeter_core.jar:5.5]
	at org.apache.jmeter.gui.MainFrame.init(MainFrame.java:515) ~[ApacheJMeter_core.jar:5.5]
	at org.apache.jmeter.gui.MainFrame.<init>(MainFrame.java:232) ~[ApacheJMeter_core.jar:5.5]
	at org.apache.jmeter.JMeterGuiLauncher.startGuiInternal(JMeterGuiLauncher.kt:115) ~[ApacheJMeter_core.jar:5.5]
	at org.apache.jmeter.JMeterGuiLauncher.access$startGuiInternal(JMeterGuiLauncher.kt:47) ~[ApacheJMeter_core.jar:5.5]
	at org.apache.jmeter.JMeterGuiLauncher$startGuiInternal$1.invokeSuspend(JMeterGuiLauncher.kt) ~[ApacheJMeter_core.jar:5.5]
	at kotlin.coroutines.jvm.internal.BaseContinuationImpl.resumeWith(ContinuationImpl.kt:33) ~[kotlin-stdlib-1.6.21.jar:1.6.21-release-334(1.6.21)]
	at kotlinx.coroutines.DispatchedTask.run(DispatchedTask.kt:106) ~[kotlinx-coroutines-core-jvm-1.6.1.jar:?]
	at java.awt.event.InvocationEvent.dispatch(Unknown Source) ~[?:1.8.0_351]
	at java.awt.EventQueue.dispatchEventImpl(Unknown Source) ~[?:1.8.0_351]
	at java.awt.EventQueue.access$500(Unknown Source) ~[?:1.8.0_351]
	at java.awt.EventQueue$3.run(Unknown Source) ~[?:1.8.0_351]
	at java.awt.EventQueue$3.run(Unknown Source) ~[?:1.8.0_351]
	at java.security.AccessController.doPrivileged(Native Method) ~[?:1.8.0_351]
	at java.security.ProtectionDomain$JavaSecurityAccessImpl.doIntersectionPrivilege(Unknown Source) ~[?:1.8.0_351]
	at java.awt.EventQueue.dispatchEvent(Unknown Source) ~[?:1.8.0_351]
	at java.awt.EventDispatchThread.pumpOneEventForFilters(Unknown Source) ~[?:1.8.0_351]
	at java.awt.EventDispatchThread.pumpEventsForFilter(Unknown Source) ~[?:1.8.0_351]
	at java.awt.EventDispatchThread.pumpEventsForFilter(Unknown Source) ~[?:1.8.0_351]
	at java.awt.WaitDispatchSupport$2.run(Unknown Source) ~[?:1.8.0_351]
	at java.awt.WaitDispatchSupport$4.run(Unknown Source) ~[?:1.8.0_351]
	at java.awt.WaitDispatchSupport$4.run(Unknown Source) ~[?:1.8.0_351]
	at java.security.AccessController.doPrivileged(Native Method) ~[?:1.8.0_351]
	at java.awt.WaitDispatchSupport.enter(Unknown Source) ~[?:1.8.0_351]
	at java.awt.Dialog.show(Unknown Source) ~[?:1.8.0_351]
	at java.awt.Component.show(Unknown Source) ~[?:1.8.0_351]
	at java.awt.Component.setVisible(Unknown Source) ~[?:1.8.0_351]
	at java.awt.Window.setVisible(Unknown Source) ~[?:1.8.0_351]
	at java.awt.Dialog.setVisible(Unknown Source) ~[?:1.8.0_351]
	at org.apache.jmeter.SplashScreen.lambda$showScreen$0(SplashScreen.java:95) ~[ApacheJMeter_core.jar:5.5]
	at java.awt.event.InvocationEvent.dispatch(Unknown Source) ~[?:1.8.0_351]
	at java.awt.EventQueue.dispatchEventImpl(Unknown Source) ~[?:1.8.0_351]
	at java.awt.EventQueue.access$500(Unknown Source) ~[?:1.8.0_351]
	at java.awt.EventQueue$3.run(Unknown Source) ~[?:1.8.0_351]
	at java.awt.EventQueue$3.run(Unknown Source) ~[?:1.8.0_351]
	at java.security.AccessController.doPrivileged(Native Method) ~[?:1.8.0_351]
	at java.security.ProtectionDomain$JavaSecurityAccessImpl.doIntersectionPrivilege(Unknown Source) ~[?:1.8.0_351]
	at java.awt.EventQueue.dispatchEvent(Unknown Source) ~[?:1.8.0_351]
	at java.awt.EventDispatchThread.pumpOneEventForFilters(Unknown Source) ~[?:1.8.0_351]
	at java.awt.EventDispatchThread.pumpEventsForFilter(Unknown Source) ~[?:1.8.0_351]
	at java.awt.EventDispatchThread.pumpEventsForHierarchy(Unknown Source) ~[?:1.8.0_351]
	at java.awt.EventDispatchThread.pumpEvents(Unknown Source) ~[?:1.8.0_351]
	at java.awt.EventDispatchThread.pumpEvents(Unknown Source) ~[?:1.8.0_351]
	at java.awt.EventDispatchThread.run(Unknown Source) ~[?:1.8.0_351]
2023-03-12 17:15:20,919 WARN o.j.r.PluginManager: Found JAR conflict: C:\Users\Dell\eclipse-workspace\MDI_Perf_Repo\lib\ext\jmeter-plugins-manager-1.8.jar and C:\Users\Dell\eclipse-workspace\MDI_Perf_Repo\lib\jmeter-plugins-manager-1.8.jar
2023-03-12 17:15:20,919 WARN o.j.r.PluginManager: Found JAR conflict: C:\Users\Dell\eclipse-workspace\MDI_Perf_Repo\lib\ext\jmeter-plugins-manager-1.9.jar and C:\Users\Dell\eclipse-workspace\MDI_Perf_Repo\lib\ext\jmeter-plugins-manager-1.8.jar
2023-03-12 17:15:21,367 INFO o.j.r.JARSourceHTTP: Found cached repo
2023-03-12 17:15:21,522 INFO o.j.r.PluginManager: Plugins Status: [jpgc-graphs-basic=2.0, jpgc-graphs-additional=2.0, jpgc-functions=2.2, jpgc-casutg=2.10, jpgc-plugins-manager=1.8, jmeter-core=5.5, jmeter-ftp=5.5, jmeter-http=5.5, jmeter-jdbc=5.5, jmeter-jms=5.5, jmeter-junit=5.5, jmeter-java=5.5, jmeter-ldap=5.5, jmeter-mail=5.5, jmeter-mongodb=5.5, jmeter-native=5.5, jmeter-tcp=5.5, jmeter-components=5.5]
2023-03-12 17:15:21,522 INFO o.j.r.PluginManagerMenuItem: Plugins Manager has upgrades: [jpgc-plugins-manager]
2023-03-12 17:15:31,957 INFO o.a.j.s.FileServer: Default base='C:\Users\Dell\eclipse-workspace\MDI_Perf_Repo\bin'
2023-03-12 17:15:31,960 INFO o.a.j.g.a.Load: Loading file: C:\Users\Dell\eclipse-workspace\MDI_Perf_Repo\bin\scripts\serviceRequests\Mai_SR_12-03-2023.jmx
2023-03-12 17:15:31,960 INFO o.a.j.s.FileServer: Set new base='C:\Users\Dell\eclipse-workspace\MDI_Perf_Repo\bin\scripts\serviceRequests'
2023-03-12 17:15:32,095 INFO o.a.j.s.SaveService: Testplan (JMX) version: 2.2. Testlog (JTL) version: 2.2
2023-03-12 17:15:32,102 INFO o.a.j.s.SaveService: Using SaveService properties file encoding UTF-8
2023-03-12 17:15:32,103 INFO o.a.j.s.SaveService: Using SaveService properties version 5.0
2023-03-12 17:15:32,106 INFO o.a.j.s.SaveService: Loading file: C:\Users\Dell\eclipse-workspace\MDI_Perf_Repo\bin\scripts\serviceRequests\Mai_SR_12-03-2023.jmx
2023-03-12 17:15:32,215 INFO o.a.j.p.h.c.CookieManager: Settings: Delete null: true Check: true Allow variable: true Save: false Prefix: COOKIE_
2023-03-12 17:15:32,224 INFO o.a.j.p.h.s.HTTPSamplerBase: Parser for text/html is org.apache.jmeter.protocol.http.parser.LagartoBasedHtmlParser
2023-03-12 17:15:32,224 INFO o.a.j.p.h.s.HTTPSamplerBase: Parser for application/xhtml+xml is org.apache.jmeter.protocol.http.parser.LagartoBasedHtmlParser
2023-03-12 17:15:32,224 INFO o.a.j.p.h.s.HTTPSamplerBase: Parser for application/xml is org.apache.jmeter.protocol.http.parser.LagartoBasedHtmlParser
2023-03-12 17:15:32,225 INFO o.a.j.p.h.s.HTTPSamplerBase: Parser for text/xml is org.apache.jmeter.protocol.http.parser.LagartoBasedHtmlParser
2023-03-12 17:15:32,225 INFO o.a.j.p.h.s.HTTPSamplerBase: Parser for text/vnd.wap.wml is org.apache.jmeter.protocol.http.parser.RegexpHTMLParser
2023-03-12 17:15:32,225 INFO o.a.j.p.h.s.HTTPSamplerBase: Parser for text/css is org.apache.jmeter.protocol.http.parser.CssParser
2023-03-12 17:15:32,408 INFO o.a.j.e.KeyToolUtils: keytool found at 'keytool'
2023-03-12 17:15:32,408 INFO o.a.j.p.h.p.ProxyControl: HTTP(S) Test Script Recorder SSL Proxy will use keys that support embedded 3rd party resources in file C:\Users\Dell\eclipse-workspace\MDI_Perf_Repo\bin\proxyserver.jks
2023-03-12 17:15:32,889 INFO o.a.j.s.SampleResult: Note: Sample TimeStamps are START times
2023-03-12 17:15:32,890 INFO o.a.j.s.SampleResult: sampleresult.default.encoding is set to ISO-8859-1
2023-03-12 17:15:32,890 INFO o.a.j.s.SampleResult: sampleresult.useNanoTime=true
2023-03-12 17:15:32,890 INFO o.a.j.s.SampleResult: sampleresult.nanoThreadSleep=5000
2023-03-12 17:15:33,359 INFO o.a.j.s.FileServer: Set new base='C:\Users\Dell\eclipse-workspace\MDI_Perf_Repo\bin\scripts\serviceRequests'
